::1 - - [26/Jun/2020:10:10:46 +0000] "GET / HTTP/1.1" 200 63 "-" "PostmanRuntime/7.26.1"
::1 - - [26/Jun/2020:10:56:59 +0000] "GET / HTTP/1.1" 200 63 "-" "PostmanRuntime/7.26.1"
::1 - - [26/Jun/2020:10:58:42 +0000] "POST /api/user/register HTTP/1.1" 200 27 "-" "PostmanRuntime/7.26.1"
::1 - - [26/Jun/2020:11:14:38 +0000] "POST /api/user/register HTTP/1.1" 200 27 "-" "PostmanRuntime/7.26.1"
::1 - - [26/Jun/2020:11:15:30 +0000] "POST /api/user/register HTTP/1.1" 202 143 "-" "PostmanRuntime/7.26.1"
::1 - - [26/Jun/2020:11:54:45 +0000] "POST /api/user/register HTTP/1.1" - - "-" "PostmanRuntime/7.26.1"
::1 - - [26/Jun/2020:12:38:27 +0000] "POST /api/user/register HTTP/1.1" - - "-" "PostmanRuntime/7.26.1"
::1 - - [26/Jun/2020:16:40:31 +0000] "POST /api/user/register HTTP/1.1" 202 143 "-" "PostmanRuntime/7.26.1"
::1 - - [26/Jun/2020:17:05:39 +0000] "GET /api/accountactivation/eyJhbGciOiJIUzI1NiIsInR5cCI6IkpXVCJ9.eyJpZCI6MC4zNDM4OTg4MjI0MjMxMDY3NiwiaWF0IjoxNTkzMTg5NjMxLCJleHAiOjE1OTkxODk2MzF9.YA-IlmqRJiBcwjWvmBt0xnLL2pdP4g8eLvZAPWx65Uc?user=Owner HTTP/1.1" 500 29 "-" "PostmanRuntime/7.26.1"
::1 - - [26/Jun/2020:17:05:58 +0000] "GET /api/accountactivation/eyJhbGciOiJIUzI1NiIsInR5cCI6IkpXVCJ9.eyJpZCI6MC4zNDM4OTg4MjI0MjMxMDY3NiwiaWF0IjoxNTkzMTg5NjMxLCJleHAiOjE1OTkxODk2MzF9.YA-IlmqRJiBcwjWvmBt0xnLL2pdP4g8eLvZAPWx65Uc?user=Owner HTTP/1.1" 500 29 "-" "PostmanRuntime/7.26.1"
::1 - - [26/Jun/2020:17:05:58 +0000] "GET /api/accountactivation/eyJhbGciOiJIUzI1NiIsInR5cCI6IkpXVCJ9.eyJpZCI6MC4zNDM4OTg4MjI0MjMxMDY3NiwiaWF0IjoxNTkzMTg5NjMxLCJleHAiOjE1OTkxODk2MzF9.YA-IlmqRJiBcwjWvmBt0xnLL2pdP4g8eLvZAPWx65Uc?user=Owner HTTP/1.1" 500 29 "-" "PostmanRuntime/7.26.1"
::1 - - [26/Jun/2020:17:42:06 +0000] "GET /api/accountactivation/eyJhbGciOiJIUzI1NiIsInR5cCI6IkpXVCJ9.eyJpZCI6MC4zNDM4OTg4MjI0MjMxMDY3NiwiaWF0IjoxNTkzMTg5NjMxLCJleHAiOjE1OTkxODk2MzF9.YA-IlmqRJiBcwjWvmBt0xnLL2pdP4g8eLvZAPWx65Uc?user=Owner HTTP/1.1" 500 29 "-" "Mozilla/5.0 (Windows NT 10.0; Win64; x64; rv:77.0) Gecko/20100101 Firefox/77.0"
::1 - - [26/Jun/2020:18:21:26 +0000] "GET /api/accountactivation/eyJhbGciOiJIUzI1NiIsInR5cCI6IkpXVCJ9.eyJpZCI6MC4zNDM4OTg4MjI0MjMxMDY3NiwiaWF0IjoxNTkzMTg5NjMxLCJleHAiOjE1OTkxODk2MzF9.YA-IlmqRJiBcwjWvmBt0xnLL2pdP4g8eLvZAPWx65Uc?user=Owner HTTP/1.1" 500 29 "-" "PostmanRuntime/7.26.1"
::1 - - [26/Jun/2020:18:27:18 +0000] "GET /api/accountactivation/eyJhbGciOiJIUzI1NiIsInR5cCI6IkpXVCJ9.eyJpZCI6MC4zNDM4OTg4MjI0MjMxMDY3NiwiaWF0IjoxNTkzMTg5NjMxLCJleHAiOjE1OTkxODk2MzF9.YA-IlmqRJiBcwjWvmBt0xnLL2pdP4g8eLvZAPWx65Uc?user=Owner HTTP/1.1" 500 29 "-" "PostmanRuntime/7.26.1"
::1 - - [26/Jun/2020:18:28:48 +0000] "GET /api/accountactivation/eyJhbGciOiJIUzI1NiIsInR5cCI6IkpXVCJ9.eyJpZCI6MC4zNDM4OTg4MjI0MjMxMDY3NiwiaWF0IjoxNTkzMTg5NjMxLCJleHAiOjE1OTkxODk2MzF9.YA-IlmqRJiBcwjWvmBt0xnLL2pdP4g8eLvZAPWx65Uc?user=Owner HTTP/1.1" 500 29 "-" "PostmanRuntime/7.26.1"
::1 - - [27/Jun/2020:02:48:27 +0000] "GET /api/accountactivation/eyJhbGciOiJIUzI1NiIsInR5cCI6IkpXVCJ9.eyJpZCI6MC4zNDM4OTg4MjI0MjMxMDY3NiwiaWF0IjoxNTkzMTg5NjMxLCJleHAiOjE1OTkxODk2MzF9.YA-IlmqRJiBcwjWvmBt0xnLL2pdP4g8eLvZAPWx65Uc?user=Owner HTTP/1.1" 500 29 "-" "PostmanRuntime/7.26.1"
::1 - - [28/Jun/2020:11:34:18 +0000] "POST /api/user/register HTTP/1.1" 202 143 "-" "PostmanRuntime/7.26.1"
::1 - - [29/Jun/2020:06:48:27 +0000] "POST /api/user/register HTTP/1.1" 202 143 "-" "PostmanRuntime/7.26.1"
::1 - - [29/Jun/2020:06:52:06 +0000] "GET /api/accountactivation/eyJhbGciOiJIUzI1NiIsInR5cCI6IkpXVCJ9.eyJpZCI6MC42ODUzNzIyNTgxNTMwNTA2LCJpYXQiOjE1OTM0MTMzMDcsImV4cCI6MTU5OTQxMzMwN30.O-LByx8SSuwlySrOXl30hmfvxjcGpStWJ5RO0j8ukis?user=Owner HTTP/1.1" 500 29 "-" "Mozilla/5.0 (Windows NT 10.0; Win64; x64; rv:77.0) Gecko/20100101 Firefox/77.0"
::1 - - [29/Jun/2020:06:55:49 +0000] "POST /api/user/register HTTP/1.1" 202 143 "-" "PostmanRuntime/7.26.1"
::1 - - [29/Jun/2020:06:58:22 +0000] "POST /api/user/register HTTP/1.1" 200 27 "-" "PostmanRuntime/7.26.1"
::1 - - [29/Jun/2020:06:59:07 +0000] "POST /api/user/register HTTP/1.1" 202 143 "-" "PostmanRuntime/7.26.1"
::1 - - [29/Jun/2020:06:59:29 +0000] "GET /api/accountactivation/eyJhbGciOiJIUzI1NiIsInR5cCI6IkpXVCJ9.eyJpZCI6MC42OTEyOTc4OTM2NjUzMDI5LCJpYXQiOjE1OTM0MTM3NDgsImV4cCI6MTU5OTQxMzc0OH0.OX-uUeEaSdUFUiEOOqhC-A5YhGgb5SttopmUK-e-yvA?user=Owner HTTP/1.1" 500 29 "-" "Mozilla/5.0 (Windows NT 10.0; Win64; x64; rv:77.0) Gecko/20100101 Firefox/77.0"
::1 - - [29/Jun/2020:07:02:35 +0000] "POST /api/user/register HTTP/1.1" 202 143 "-" "PostmanRuntime/7.26.1"
::1 - - [29/Jun/2020:07:03:12 +0000] "GET /api/accountactivation/eyJhbGciOiJIUzI1NiIsInR5cCI6IkpXVCJ9.eyJpZCI6MC40MTQ2NTMyMzExNjUzMTUzLCJpYXQiOjE1OTM0MTQxNTUsImV4cCI6MTU5OTQxNDE1NX0.t0wbXik30uMP2Q8KHsTXq7mn2PIT7X9WsMG_wTvCLG4?user=Owner HTTP/1.1" 202 82 "-" "Mozilla/5.0 (Windows NT 10.0; Win64; x64; rv:77.0) Gecko/20100101 Firefox/77.0"
::1 - - [29/Jun/2020:07:13:38 +0000] "POST /api/user/login HTTP/1.1" 202 802 "-" "PostmanRuntime/7.26.1"
::1 - - [29/Jun/2020:07:32:28 +0000] "POST /api/user/login HTTP/1.1" 202 802 "-" "PostmanRuntime/7.26.1"
::1 - - [29/Jun/2020:07:32:32 +0000] "POST /api/user/login HTTP/1.1" 202 802 "-" "PostmanRuntime/7.26.1"
::1 - - [29/Jun/2020:07:59:26 +0000] "POST /api/user/vehicleonrent HTTP/1.1" 500 39 "-" "PostmanRuntime/7.26.1"
::ffff:127.0.0.1 - - [29/Jun/2020:09:29:25 +0000] "POST /api/user/vehicleonrent HTTP/1.1" 500 39 "-" "PostmanRuntime/7.26.1"
::1 - - [29/Jun/2020:10:08:30 +0000] "POST /api/user/vehicleonrent HTTP/1.1" 500 39 "-" "PostmanRuntime/7.26.1"
::1 - - [29/Jun/2020:10:11:18 +0000] "POST /api/user/vehicleonrent? HTTP/1.1" 500 39 "-" "PostmanRuntime/7.26.1"
::1 - - [29/Jun/2020:10:21:49 +0000] "POST /api/user/vehicleonrent? HTTP/1.1" 500 39 "-" "PostmanRuntime/7.26.1"
::1 - - [29/Jun/2020:10:28:05 +0000] "POST /api/user/vehicleonrent? HTTP/1.1" 500 39 "-" "PostmanRuntime/7.26.1"
::ffff:127.0.0.1 - - [29/Jun/2020:10:38:33 +0000] "POST /api/user/vehicleonrent? HTTP/1.1" 500 39 "-" "PostmanRuntime/7.26.1"
::1 - - [29/Jun/2020:10:39:52 +0000] "POST /api/user/vehicleonrent? HTTP/1.1" 500 38 "-" "PostmanRuntime/7.26.1"
::1 - - [29/Jun/2020:10:43:54 +0000] "POST /api/user/vehicleonrent? HTTP/1.1" 500 39 "-" "PostmanRuntime/7.26.1"
::1 - - [29/Jun/2020:10:50:34 +0000] "POST /api/user/vehicleonrent? HTTP/1.1" 500 39 "-" "PostmanRuntime/7.26.1"
::1 - - [29/Jun/2020:10:52:52 +0000] "POST /api/user/vehicleonrent? HTTP/1.1" 500 39 "-" "PostmanRuntime/7.26.1"
::1 - - [29/Jun/2020:11:31:29 +0000] "POST /api/user/vehicleonrent? HTTP/1.1" 500 39 "-" "PostmanRuntime/7.26.1"
::1 - - [29/Jun/2020:11:36:59 +0000] "POST /api/user/vehicleonrent? HTTP/1.1" 500 39 "-" "PostmanRuntime/7.26.1"
::1 - - [29/Jun/2020:11:46:55 +0000] "POST /api/user/vehicleonrent? HTTP/1.1" 500 39 "-" "PostmanRuntime/7.26.1"
::1 - - [29/Jun/2020:11:47:06 +0000] "POST /api/user/vehicleonrent? HTTP/1.1" 500 39 "-" "PostmanRuntime/7.26.1"
::1 - - [29/Jun/2020:11:48:02 +0000] "POST /api/user/vehicleonrent? HTTP/1.1" 500 39 "-" "PostmanRuntime/7.26.1"
::1 - - [29/Jun/2020:12:07:17 +0000] "POST /api/user/vehicleonrent? HTTP/1.1" 500 38 "-" "PostmanRuntime/7.26.1"
::1 - - [29/Jun/2020:12:07:35 +0000] "POST /api/user/vehicleonrent? HTTP/1.1" 500 41 "-" "PostmanRuntime/7.26.1"
::1 - - [29/Jun/2020:12:13:53 +0000] "POST /api/user/vehicleonrent? HTTP/1.1" 500 39 "-" "PostmanRuntime/7.26.1"
::1 - - [29/Jun/2020:12:17:43 +0000] "POST /api/user/vehicleonrent? HTTP/1.1" 500 39 "-" "PostmanRuntime/7.26.1"
::1 - - [29/Jun/2020:12:26:24 +0000] "GET /api/accountactivation/eyJhbGciOiJIUzI1NiIsInR5cCI6IkpXVCJ9.eyJpZCI6MC41MTYyMjMxMDYwMzE5NzQsImlhdCI6MTU5MzM0NDA1NywiZXhwIjoxNTk5MzQ0MDU3fQ.uYFIXqmp4YXPKv2zVf-TqC38RJaFlUrPNat6eTdEOf8?user=Owner HTTP/1.1" 200 91 "-" "PostmanRuntime/7.26.1"
::1 - - [29/Jun/2020:12:29:17 +0000] "POST /api/user/login HTTP/1.1" 400 67 "-" "PostmanRuntime/7.26.1"
::1 - - [29/Jun/2020:12:30:08 +0000] "POST /api/user/login HTTP/1.1" 400 67 "-" "PostmanRuntime/7.26.1"
::1 - - [29/Jun/2020:12:30:38 +0000] "POST /api/user/login HTTP/1.1" 400 67 "-" "PostmanRuntime/7.26.1"
::1 - - [29/Jun/2020:12:34:09 +0000] "GET /api/user/login HTTP/1.1" 404 153 "-" "PostmanRuntime/7.26.1"
::1 - - [29/Jun/2020:12:34:17 +0000] "POST /api/user/login HTTP/1.1" 400 67 "-" "PostmanRuntime/7.26.1"
::1 - - [29/Jun/2020:12:35:09 +0000] "POST /api/user/login HTTP/1.1" 400 67 "-" "PostmanRuntime/7.26.1"
::1 - - [29/Jun/2020:12:40:43 +0000] "POST /api/user/login HTTP/1.1" 400 67 "-" "PostmanRuntime/7.26.1"
::1 - - [29/Jun/2020:12:42:14 +0000] "POST /api/user/login HTTP/1.1" 400 67 "-" "PostmanRuntime/7.26.1"
::1 - - [29/Jun/2020:12:42:28 +0000] "POST /api/user/login HTTP/1.1" 400 67 "-" "PostmanRuntime/7.26.1"
::1 - - [29/Jun/2020:12:42:33 +0000] "POST /api/user/login HTTP/1.1" 400 67 "-" "PostmanRuntime/7.26.1"
::1 - - [29/Jun/2020:12:44:59 +0000] "POST /api/user/login HTTP/1.1" 400 67 "-" "PostmanRuntime/7.26.1"
::1 - - [29/Jun/2020:12:45:56 +0000] "POST /api/user/login HTTP/1.1" 202 802 "-" "PostmanRuntime/7.26.1"
::1 - - [29/Jun/2020:12:47:29 +0000] "POST /api/user/vehicleonrent? HTTP/1.1" 500 39 "-" "PostmanRuntime/7.26.1"
::1 - - [29/Jun/2020:12:50:18 +0000] "POST /api/user/vehicleonrent? HTTP/1.1" 500 39 "-" "PostmanRuntime/7.26.1"
::1 - - [29/Jun/2020:12:53:33 +0000] "POST /api/user/vehicleonrent? HTTP/1.1" 500 39 "-" "PostmanRuntime/7.26.1"
::1 - - [29/Jun/2020:12:53:52 +0000] "POST /api/user/vehicleonrent? HTTP/1.1" 500 39 "-" "PostmanRuntime/7.26.1"
::1 - - [29/Jun/2020:12:55:56 +0000] "POST /api/user/vehicleonrent? HTTP/1.1" 500 39 "-" "PostmanRuntime/7.26.1"
::1 - - [29/Jun/2020:12:57:45 +0000] "POST /api/user/vehicleonrent? HTTP/1.1" 500 39 "-" "PostmanRuntime/7.26.1"
::1 - - [29/Jun/2020:12:58:00 +0000] "POST /api/user/vehicleonrent HTTP/1.1" 500 39 "-" "PostmanRuntime/7.26.1"
::1 - - [29/Jun/2020:13:02:25 +0000] "POST /api/user/vehicleonrent HTTP/1.1" 500 39 "-" "PostmanRuntime/7.26.1"
::1 - - [29/Jun/2020:13:03:30 +0000] "POST /api/user/vehicleonrent HTTP/1.1" 500 39 "-" "PostmanRuntime/7.26.1"
::1 - - [29/Jun/2020:13:08:03 +0000] "POST /api/user/vehicleonrent HTTP/1.1" 500 39 "-" "PostmanRuntime/7.26.1"
::1 - - [29/Jun/2020:13:08:32 +0000] "POST /api/user/vehicleonrent HTTP/1.1" 500 21 "-" "PostmanRuntime/7.26.1"
::1 - - [29/Jun/2020:13:09:25 +0000] "POST /api/user/vehicleonrent HTTP/1.1" 500 21 "-" "PostmanRuntime/7.26.1"
::1 - - [29/Jun/2020:13:10:26 +0000] "POST /api/user/vehicleonrent HTTP/1.1" 500 21 "-" "PostmanRuntime/7.26.1"
::1 - - [29/Jun/2020:13:11:43 +0000] "POST /api/user/vehicleonrent HTTP/1.1" 500 21 "-" "PostmanRuntime/7.26.1"
::1 - - [29/Jun/2020:13:14:34 +0000] "POST /api/user/vehicleonrent HTTP/1.1" 500 21 "-" "PostmanRuntime/7.26.1"
::ffff:127.0.0.1 - - [29/Jun/2020:13:14:58 +0000] "POST /api/user/vehicleonrent HTTP/1.1" 500 21 "-" "PostmanRuntime/7.26.1"
::1 - - [29/Jun/2020:13:16:33 +0000] "POST /api/user/vehicleonrent HTTP/1.1" 500 21 "-" "PostmanRuntime/7.26.1"
::1 - - [29/Jun/2020:13:17:28 +0000] "POST /api/user/vehicleonrent HTTP/1.1" 500 21 "-" "PostmanRuntime/7.26.1"
::1 - - [29/Jun/2020:16:35:45 +0000] "POST /api/user/vehicleonrent HTTP/1.1" 500 21 "-" "PostmanRuntime/7.26.1"
::1 - - [29/Jun/2020:16:55:10 +0000] "POST /api/user/register HTTP/1.1" 202 143 "-" "PostmanRuntime/7.26.1"
::1 - - [29/Jun/2020:16:57:56 +0000] "GET /api/accountactivation/eyJhbGciOiJIUzI1NiIsInR5cCI6IkpXVCJ9.eyJpZCI6MC4wNjgwNjY3MTAzMjY5Nzg1MywiaWF0IjoxNTkzNDQ5NzA5LCJleHAiOjE1OTk0NDk3MDl9.b1GPrUiKaZObrzuZNqlASWLu_47tFOzaYNvqodoWlog?user=Owner HTTP/1.1" 500 29 "-" "Mozilla/5.0 (Windows NT 10.0; Win64; x64; rv:77.0) Gecko/20100101 Firefox/77.0"
::1 - - [29/Jun/2020:17:04:52 +0000] "POST /api/user/register HTTP/1.1" 202 143 "-" "PostmanRuntime/7.26.1"
::1 - - [29/Jun/2020:17:05:34 +0000] "GET /api/accountactivation/eyJhbGciOiJIUzI1NiIsInR5cCI6IkpXVCJ9.eyJpZCI6MC4zNTc5MzcyNzQwNzcwMDk1LCJpYXQiOjE1OTM0NTAyOTIsImV4cCI6MTU5OTQ1MDI5Mn0.qA_0DliqEoEtXDHMs37Yd6t5FeSawe_IEZNVBGpVXqM HTTP/1.1" 500 25 "-" "PostmanRuntime/7.26.1"
::1 - - [29/Jun/2020:17:06:02 +0000] "GET /api/accountactivation/eyJhbGciOiJIUzI1NiIsInR5cCI6IkpXVCJ9.eyJpZCI6MC4zNTc5MzcyNzQwNzcwMDk1LCJpYXQiOjE1OTM0NTAyOTIsImV4cCI6MTU5OTQ1MDI5Mn0.qA_0DliqEoEtXDHMs37Yd6t5FeSawe_IEZNVBGpVXqM?user=Owner HTTP/1.1" 500 29 "-" "Mozilla/5.0 (Windows NT 10.0; Win64; x64; rv:77.0) Gecko/20100101 Firefox/77.0"
::1 - - [29/Jun/2020:17:09:01 +0000] "GET /api/accountactivation/eyJhbGciOiJIUzI1NiIsInR5cCI6IkpXVCJ9.eyJpZCI6MC4zNTc5MzcyNzQwNzcwMDk1LCJpYXQiOjE1OTM0NTAyOTIsImV4cCI6MTU5OTQ1MDI5Mn0.qA_0DliqEoEtXDHMs37Yd6t5FeSawe_IEZNVBGpVXqM?user=Owner HTTP/1.1" 500 29 "-" "Mozilla/5.0 (Windows NT 10.0; Win64; x64; rv:77.0) Gecko/20100101 Firefox/77.0"
::1 - - [29/Jun/2020:17:10:41 +0000] "GET /api/accountactivation/eyJhbGciOiJIUzI1NiIsInR5cCI6IkpXVCJ9.eyJpZCI6MC4zNTc5MzcyNzQwNzcwMDk1LCJpYXQiOjE1OTM0NTAyOTIsImV4cCI6MTU5OTQ1MDI5Mn0.qA_0DliqEoEtXDHMs37Yd6t5FeSawe_IEZNVBGpVXqM?user=Owner HTTP/1.1" 500 29 "-" "Mozilla/5.0 (Windows NT 10.0; Win64; x64; rv:77.0) Gecko/20100101 Firefox/77.0"
::1 - - [29/Jun/2020:17:12:20 +0000] "POST /api/user/register HTTP/1.1" 202 143 "-" "PostmanRuntime/7.26.1"
::1 - - [29/Jun/2020:17:12:54 +0000] "GET /api/accountactivation/eyJhbGciOiJIUzI1NiIsInR5cCI6IkpXVCJ9.eyJpZCI6MC41ODg2OTI2NDcyMDczOTE5LCJpYXQiOjE1OTM0NTA3NDAsImV4cCI6MTU5OTQ1MDc0MH0.ehvl7u6sEB8Q6ZFtTi71JU7JYiY1tJIknwU2rlhkgvg?user=Owner HTTP/1.1" 202 82 "-" "Mozilla/5.0 (Windows NT 10.0; Win64; x64; rv:77.0) Gecko/20100101 Firefox/77.0"
::1 - - [29/Jun/2020:17:14:20 +0000] "POST /api/user/login HTTP/1.1" 202 797 "-" "PostmanRuntime/7.26.1"
::1 - - [29/Jun/2020:17:23:31 +0000] "POST /api/user/vehicleonrent HTTP/1.1" 500 21 "-" "PostmanRuntime/7.26.1"
::1 - - [30/Jun/2020:00:11:08 +0000] "POST /api/user/vehicleonrent HTTP/1.1" 500 21 "-" "PostmanRuntime/7.26.1"
::1 - - [30/Jun/2020:03:37:03 +0000] "POST /api/user/register HTTP/1.1" 202 143 "-" "PostmanRuntime/7.26.1"
::1 - - [30/Jun/2020:03:39:16 +0000] "GET /api/accountactivation/eyJhbGciOiJIUzI1NiIsInR5cCI6IkpXVCJ9.eyJpZCI6MC41ODg2OTI2NDcyMDczOTE5LCJpYXQiOjE1OTM0NTA3NDAsImV4cCI6MTU5OTQ1MDc0MH0.ehvl7u6sEB8Q6ZFtTi71JU7JYiY1tJIknwU2rlhkgvg?user=Owner HTTP/1.1" 200 91 "-" "Mozilla/5.0 (Windows NT 10.0; Win64; x64; rv:77.0) Gecko/20100101 Firefox/77.0"
::1 - - [30/Jun/2020:03:40:42 +0000] "POST /api/user/login HTTP/1.1" 401 116 "-" "PostmanRuntime/7.26.1"
::1 - - [30/Jun/2020:03:58:57 +0000] "GET /api/accountactivation/eyJhbGciOiJIUzI1NiIsInR5cCI6IkpXVCJ9.eyJpZCI6MC4wNzMxMjg0MTcxNDMzMjA0MSwiaWF0IjoxNTkzNDg4MjIyLCJleHAiOjE1OTk0ODgyMjJ9.AhGV-JlvW1kXtUPbPSztKNNoXWpPINGzWGEhMA6U5A4?user=Owner HTTP/1.1" 500 29 "-" "Mozilla/5.0 (Windows NT 10.0; Win64; x64; rv:77.0) Gecko/20100101 Firefox/77.0"
::1 - - [30/Jun/2020:05:49:06 +0000] "POST /api/user/register HTTP/1.1" 202 143 "-" "PostmanRuntime/7.26.1"
::1 - - [30/Jun/2020:06:01:03 +0000] "GET /api/accountactivation/eyJhbGciOiJIUzI1NiIsInR5cCI6IkpXVCJ9.eyJpZCI6MC4xNjM5ODExNjQyNDI5MzcxOCwiaWF0IjoxNTkzNDk2MTQ1LCJleHAiOjE1OTk0OTYxNDV9.1UCUUYXjqw48mwmhVkwGlV9ViGc5hcEdQWq71UPySnA?user=Owner HTTP/1.1" 202 82 "-" "Mozilla/5.0 (Windows NT 10.0; Win64; x64; rv:77.0) Gecko/20100101 Firefox/77.0"
::1 - - [30/Jun/2020:06:02:15 +0000] "POST /api/user/login HTTP/1.1" 202 797 "-" "PostmanRuntime/7.26.1"
::1 - - [30/Jun/2020:06:16:06 +0000] "POST /api/user/vehicleonrent HTTP/1.1" 500 21 "-" "PostmanRuntime/7.26.1"
::1 - - [30/Jun/2020:06:18:27 +0000] "POST /api/user/vehicleonrent HTTP/1.1" 500 21 "-" "PostmanRuntime/7.26.1"
::1 - - [30/Jun/2020:06:24:09 +0000] "POST /api/user/vehicleonrent HTTP/1.1" 401 12 "-" "PostmanRuntime/7.26.1"
::1 - - [30/Jun/2020:06:25:09 +0000] "POST /api/user/vehicleonrent HTTP/1.1" 401 12 "-" "PostmanRuntime/7.26.1"
::1 - - [30/Jun/2020:06:26:00 +0000] "POST /api/user/vehicleonrent HTTP/1.1" 500 21 "-" "PostmanRuntime/7.26.1"
::1 - - [30/Jun/2020:06:29:27 +0000] "POST /api/user/vehicleonrent HTTP/1.1" 500 21 "-" "PostmanRuntime/7.26.1"
::1 - - [30/Jun/2020:06:33:00 +0000] "POST /api/user/vehicleonrent HTTP/1.1" 500 21 "-" "PostmanRuntime/7.26.1"
::1 - - [30/Jun/2020:06:33:00 +0000] "POST /api/user/vehicleonrent HTTP/1.1" 500 21 "-" "PostmanRuntime/7.26.1"
::1 - - [30/Jun/2020:06:52:32 +0000] "POST /api/user/vehicleonrent HTTP/1.1" 500 21 "-" "PostmanRuntime/7.26.1"
::1 - - [30/Jun/2020:06:54:15 +0000] "POST /api/user/vehicleonrent HTTP/1.1" 401 12 "-" "PostmanRuntime/7.26.1"
::1 - - [30/Jun/2020:06:55:32 +0000] "POST /api/user/vehicleonrent HTTP/1.1" 401 12 "-" "PostmanRuntime/7.26.1"
::1 - - [30/Jun/2020:06:56:39 +0000] "POST /api/user/vehicleonrent HTTP/1.1" 401 12 "-" "PostmanRuntime/7.26.1"
::1 - - [30/Jun/2020:06:57:03 +0000] "POST /api/user/vehicleonrent HTTP/1.1" 401 12 "-" "PostmanRuntime/7.26.1"
::1 - - [30/Jun/2020:06:57:54 +0000] "POST /api/user/vehicleonrent HTTP/1.1" 500 21 "-" "PostmanRuntime/7.26.1"
::1 - - [30/Jun/2020:06:58:25 +0000] "POST /api/user/vehicleonrent HTTP/1.1" 401 12 "-" "PostmanRuntime/7.26.1"
::1 - - [30/Jun/2020:06:58:49 +0000] "POST /api/user/vehicleonrent HTTP/1.1" 500 21 "-" "PostmanRuntime/7.26.1"
::1 - - [30/Jun/2020:07:00:12 +0000] "POST /api/user/vehicleonrent HTTP/1.1" 401 12 "-" "PostmanRuntime/7.26.1"
::1 - - [30/Jun/2020:07:01:08 +0000] "POST /api/user/vehicleonrent HTTP/1.1" 401 12 "-" "PostmanRuntime/7.26.1"
::1 - - [30/Jun/2020:07:06:40 +0000] "POST /api/user/vehicleonrent HTTP/1.1" 401 12 "-" "PostmanRuntime/7.26.1"
::1 - - [30/Jun/2020:07:08:16 +0000] "POST /api/user/vehicleonrent HTTP/1.1" 500 21 "-" "PostmanRuntime/7.26.1"
::1 - - [30/Jun/2020:07:25:23 +0000] "POST /api/user/vehicleonrent HTTP/1.1" 401 12 "-" "PostmanRuntime/7.26.1"
::1 - - [30/Jun/2020:07:26:41 +0000] "POST /api/user/vehicleonrent HTTP/1.1" 500 21 "-" "PostmanRuntime/7.26.1"
::1 - - [30/Jun/2020:07:28:02 +0000] "POST /api/user/vehicleonrent HTTP/1.1" 401 12 "-" "PostmanRuntime/7.26.1"
::1 - - [30/Jun/2020:07:28:19 +0000] "POST /api/user/vehicleonrent HTTP/1.1" 401 12 "-" "PostmanRuntime/7.26.1"
::1 - - [30/Jun/2020:07:28:51 +0000] "POST /api/user/vehicleonrent HTTP/1.1" 500 21 "-" "PostmanRuntime/7.26.1"
::1 - - [30/Jun/2020:07:29:58 +0000] "POST /api/user/vehicleonrent HTTP/1.1" 500 21 "-" "PostmanRuntime/7.26.1"
::1 - - [30/Jun/2020:07:30:55 +0000] "POST /api/user/register HTTP/1.1" 202 146 "-" "PostmanRuntime/7.26.1"
::1 - - [30/Jun/2020:07:31:18 +0000] "GET /api/accountactivation/eyJhbGciOiJIUzI1NiIsInR5cCI6IkpXVCJ9.eyJpZCI6MC43NzUyMjY3NDcyMDAwMjk4LCJpYXQiOjE1OTM1MDIyNTUsImV4cCI6MTU5OTUwMjI1NX0.guQwqa8ZABZJqU_16Fuc8aJIdXAlVVV3gnRYCJHfCUA?user=Customer HTTP/1.1" 202 82 "-" "Mozilla/5.0 (Windows NT 10.0; Win64; x64; rv:77.0) Gecko/20100101 Firefox/77.0"
::1 - - [30/Jun/2020:07:33:05 +0000] "POST /api/user/login HTTP/1.1" 202 800 "-" "PostmanRuntime/7.26.1"
::1 - - [30/Jun/2020:07:37:03 +0000] "PATCH /api/customer/editpassword HTTP/1.1" 403 9 "-" "PostmanRuntime/7.26.1"
::1 - - [30/Jun/2020:07:37:41 +0000] "PATCH /api/customer/editpassword HTTP/1.1" 403 9 "-" "PostmanRuntime/7.26.1"
::1 - - [30/Jun/2020:09:38:08 +0000] "GET / HTTP/1.1" 200 63 "-" "PostmanRuntime/7.26.1"
::1 - - [30/Jun/2020:09:39:11 +0000] "POST /api/user/register HTTP/1.1" 202 143 "-" "PostmanRuntime/7.26.1"
::1 - - [30/Jun/2020:09:41:12 +0000] "POST /api/user/register HTTP/1.1" 202 143 "-" "PostmanRuntime/7.26.1"
::1 - - [30/Jun/2020:09:44:00 +0000] "POST /api/user/register HTTP/1.1" 200 27 "-" "PostmanRuntime/7.26.1"
::1 - - [30/Jun/2020:09:44:35 +0000] "POST /api/user/register HTTP/1.1" 202 143 "-" "PostmanRuntime/7.26.1"
::1 - - [30/Jun/2020:09:44:57 +0000] "GET /api/accountactivation/eyJhbGciOiJIUzI1NiIsInR5cCI6IkpXVCJ9.eyJpZCI6MC42NDQzOTI5NzEzNDI5Nzc3LCJpYXQiOjE1OTM1MTAyNzUsImV4cCI6MTU5OTUxMDI3NX0.refzb03UIUVbx7zKggFPGDfg5ELG4hKEoQJ4Hn8Ie3Q?user=Owner HTTP/1.1" 202 82 "-" "Mozilla/5.0 (Windows NT 10.0; Win64; x64; rv:77.0) Gecko/20100101 Firefox/77.0"
::1 - - [30/Jun/2020:09:47:18 +0000] "POST /api/user/register HTTP/1.1" 202 143 "-" "PostmanRuntime/7.26.1"
::1 - - [30/Jun/2020:09:48:15 +0000] "GET /api/accountactivation/eyJhbGciOiJIUzI1NiIsInR5cCI6IkpXVCJ9.eyJpZCI6MC43NTEyNDM1ODcyMTEwMjY0LCJpYXQiOjE1OTM1MTA0MzgsImV4cCI6MTU5OTUxMDQzOH0.I5Cd-xCKrfhKvavDKccI-7kY6gUXCXcYTAGtbScuimM?user=Owner HTTP/1.1" 202 82 "-" "Mozilla/5.0 (Windows NT 10.0; Win64; x64; rv:77.0) Gecko/20100101 Firefox/77.0"
::1 - - [30/Jun/2020:09:49:36 +0000] "POST /api/user/login HTTP/1.1" 202 797 "-" "PostmanRuntime/7.26.1"
::1 - - [30/Jun/2020:09:50:15 +0000] "POST /api/user/login HTTP/1.1" 202 797 "-" "PostmanRuntime/7.26.1"
::1 - - [30/Jun/2020:09:50:34 +0000] "POST /api/user/vehicleonrent HTTP/1.1" 403 9 "-" "PostmanRuntime/7.26.1"
::1 - - [30/Jun/2020:09:57:15 +0000] "POST /api/user/register HTTP/1.1" 202 143 "-" "PostmanRuntime/7.26.1"
::1 - - [30/Jun/2020:09:58:03 +0000] "GET /api/accountactivation/eyJhbGciOiJIUzI1NiIsInR5cCI6IkpXVCJ9.eyJpZCI6MC4wMzQyNTU0OTMwODU4NzYyNzYsImlhdCI6MTU5MzUxMTAzNCwiZXhwIjoxNTk5NTExMDM0fQ.eLLf8f_WYy4_1Pw5SS_cRNIzJs3IaVYEd0MV98LETaU?user=Owner HTTP/1.1" 202 82 "-" "Mozilla/5.0 (Windows NT 10.0; Win64; x64; rv:77.0) Gecko/20100101 Firefox/77.0"
::1 - - [30/Jun/2020:09:58:43 +0000] "POST /api/user/login HTTP/1.1" 202 797 "-" "PostmanRuntime/7.26.1"
::1 - - [30/Jun/2020:09:59:30 +0000] "POST /api/user/vehicleonrent HTTP/1.1" 403 9 "-" "PostmanRuntime/7.26.1"
::1 - - [30/Jun/2020:10:09:32 +0000] "POST /api/user/vehicleonrent HTTP/1.1" 403 9 "-" "PostmanRuntime/7.26.1"
::1 - - [30/Jun/2020:10:10:47 +0000] "POST /api/user/vehicleonrent HTTP/1.1" 403 9 "-" "PostmanRuntime/7.26.1"
::1 - - [30/Jun/2020:15:38:35 +0000] "POST /api/user/register HTTP/1.1" 200 27 "-" "PostmanRuntime/7.26.1"
::1 - - [30/Jun/2020:15:41:17 +0000] "POST /api/user/register HTTP/1.1" - - "-" "PostmanRuntime/7.26.1"
::1 - - [30/Jun/2020:15:41:17 +0000] "POST /api/user/register HTTP/1.1" - - "-" "PostmanRuntime/7.26.1"
::1 - - [30/Jun/2020:15:41:45 +0000] "POST /api/user/register HTTP/1.1" 202 143 "-" "PostmanRuntime/7.26.1"
::1 - - [30/Jun/2020:15:42:34 +0000] "GET /api/accountactivation/eyJhbGciOiJIUzI1NiIsInR5cCI6IkpXVCJ9.eyJpZCI6MC43NzM5NjA2NjMwNDgwMjk0LCJpYXQiOjE1OTM1MzE3MDUsImV4cCI6MTU5OTUzMTcwNX0.DC1idfR74XCidJfUkBkhauaI-fZ4ezLA2kyzaLzcYtg?user=Owner HTTP/1.1" 202 82 "-" "Mozilla/5.0 (Windows NT 10.0; Win64; x64; rv:77.0) Gecko/20100101 Firefox/77.0"
::1 - - [30/Jun/2020:15:43:24 +0000] "POST /api/user/login HTTP/1.1" 202 797 "-" "PostmanRuntime/7.26.1"
::1 - - [30/Jun/2020:15:43:41 +0000] "POST /api/user/vehicleonrent HTTP/1.1" 403 9 "-" "PostmanRuntime/7.26.1"
::1 - - [30/Jun/2020:15:44:35 +0000] "POST /api/user/vehicleonrent HTTP/1.1" 403 9 "-" "PostmanRuntime/7.26.1"
::1 - - [30/Jun/2020:15:45:03 +0000] "POST /api/user/vehicleonrent HTTP/1.1" 500 21 "-" "PostmanRuntime/7.26.1"
::1 - - [30/Jun/2020:16:34:25 +0000] "POST /api/user/vehicleonrent HTTP/1.1" 500 21 "-" "PostmanRuntime/7.26.1"
::1 - - [30/Jun/2020:16:50:33 +0000] "POST / HTTP/1.1" 404 140 "-" "PostmanRuntime/7.26.1"
::1 - - [30/Jun/2020:16:50:49 +0000] "GET / HTTP/1.1" 200 63 "-" "PostmanRuntime/7.26.1"
::1 - - [30/Jun/2020:16:51:19 +0000] "POST /api/user/vehicleonrent HTTP/1.1" 500 21 "-" "PostmanRuntime/7.26.1"
::1 - - [30/Jun/2020:17:16:02 +0000] "POST /api/user/register HTTP/1.1" 202 143 "-" "PostmanRuntime/7.26.1"
::1 - - [30/Jun/2020:17:16:42 +0000] "GET /api/accountactivation/eyJhbGciOiJIUzI1NiIsInR5cCI6IkpXVCJ9.eyJpZCI6MC41Njk2MzAyNDg3OTE3Mzg4LCJpYXQiOjE1OTM1MzczNjIsImV4cCI6MTU5OTUzNzM2Mn0.sWYSeaULlgYoC7xm46mRhWx-_WhOYHJlDMFsDbt6bEk?user=Owner HTTP/1.1" 500 49 "-" "Mozilla/5.0 (Windows NT 10.0; Win64; x64; rv:77.0) Gecko/20100101 Firefox/77.0"
::1 - - [01/Jul/2020:08:10:15 +0000] "POST /api/user/register HTTP/1.1" 400 60 "-" "PostmanRuntime/7.26.1"
::1 - - [01/Jul/2020:08:12:21 +0000] "POST /api/user/register HTTP/1.1" 400 60 "-" "PostmanRuntime/7.26.1"
::1 - - [01/Jul/2020:08:13:05 +0000] "POST /api/user/register HTTP/1.1" 202 143 "-" "PostmanRuntime/7.26.1"
