::1 - - [26/Jun/2020:10:10:46 +0000] "GET / HTTP/1.1" 200 63 "-" "PostmanRuntime/7.26.1"
::1 - - [26/Jun/2020:10:56:59 +0000] "GET / HTTP/1.1" 200 63 "-" "PostmanRuntime/7.26.1"
::1 - - [26/Jun/2020:10:58:42 +0000] "POST /api/user/register HTTP/1.1" 200 27 "-" "PostmanRuntime/7.26.1"
::1 - - [26/Jun/2020:11:14:38 +0000] "POST /api/user/register HTTP/1.1" 200 27 "-" "PostmanRuntime/7.26.1"
::1 - - [26/Jun/2020:11:15:30 +0000] "POST /api/user/register HTTP/1.1" 202 143 "-" "PostmanRuntime/7.26.1"
::1 - - [26/Jun/2020:11:54:45 +0000] "POST /api/user/register HTTP/1.1" - - "-" "PostmanRuntime/7.26.1"
::1 - - [26/Jun/2020:12:38:27 +0000] "POST /api/user/register HTTP/1.1" - - "-" "PostmanRuntime/7.26.1"
::1 - - [26/Jun/2020:16:40:31 +0000] "POST /api/user/register HTTP/1.1" 202 143 "-" "PostmanRuntime/7.26.1"
::1 - - [26/Jun/2020:17:05:39 +0000] "GET /api/accountactivation/eyJhbGciOiJIUzI1NiIsInR5cCI6IkpXVCJ9.eyJpZCI6MC4zNDM4OTg4MjI0MjMxMDY3NiwiaWF0IjoxNTkzMTg5NjMxLCJleHAiOjE1OTkxODk2MzF9.YA-IlmqRJiBcwjWvmBt0xnLL2pdP4g8eLvZAPWx65Uc?user=Owner HTTP/1.1" 500 29 "-" "PostmanRuntime/7.26.1"
::1 - - [26/Jun/2020:17:05:58 +0000] "GET /api/accountactivation/eyJhbGciOiJIUzI1NiIsInR5cCI6IkpXVCJ9.eyJpZCI6MC4zNDM4OTg4MjI0MjMxMDY3NiwiaWF0IjoxNTkzMTg5NjMxLCJleHAiOjE1OTkxODk2MzF9.YA-IlmqRJiBcwjWvmBt0xnLL2pdP4g8eLvZAPWx65Uc?user=Owner HTTP/1.1" 500 29 "-" "PostmanRuntime/7.26.1"
::1 - - [26/Jun/2020:17:05:58 +0000] "GET /api/accountactivation/eyJhbGciOiJIUzI1NiIsInR5cCI6IkpXVCJ9.eyJpZCI6MC4zNDM4OTg4MjI0MjMxMDY3NiwiaWF0IjoxNTkzMTg5NjMxLCJleHAiOjE1OTkxODk2MzF9.YA-IlmqRJiBcwjWvmBt0xnLL2pdP4g8eLvZAPWx65Uc?user=Owner HTTP/1.1" 500 29 "-" "PostmanRuntime/7.26.1"
::1 - - [26/Jun/2020:17:42:06 +0000] "GET /api/accountactivation/eyJhbGciOiJIUzI1NiIsInR5cCI6IkpXVCJ9.eyJpZCI6MC4zNDM4OTg4MjI0MjMxMDY3NiwiaWF0IjoxNTkzMTg5NjMxLCJleHAiOjE1OTkxODk2MzF9.YA-IlmqRJiBcwjWvmBt0xnLL2pdP4g8eLvZAPWx65Uc?user=Owner HTTP/1.1" 500 29 "-" "Mozilla/5.0 (Windows NT 10.0; Win64; x64; rv:77.0) Gecko/20100101 Firefox/77.0"
::1 - - [26/Jun/2020:18:21:26 +0000] "GET /api/accountactivation/eyJhbGciOiJIUzI1NiIsInR5cCI6IkpXVCJ9.eyJpZCI6MC4zNDM4OTg4MjI0MjMxMDY3NiwiaWF0IjoxNTkzMTg5NjMxLCJleHAiOjE1OTkxODk2MzF9.YA-IlmqRJiBcwjWvmBt0xnLL2pdP4g8eLvZAPWx65Uc?user=Owner HTTP/1.1" 500 29 "-" "PostmanRuntime/7.26.1"
::1 - - [26/Jun/2020:18:27:18 +0000] "GET /api/accountactivation/eyJhbGciOiJIUzI1NiIsInR5cCI6IkpXVCJ9.eyJpZCI6MC4zNDM4OTg4MjI0MjMxMDY3NiwiaWF0IjoxNTkzMTg5NjMxLCJleHAiOjE1OTkxODk2MzF9.YA-IlmqRJiBcwjWvmBt0xnLL2pdP4g8eLvZAPWx65Uc?user=Owner HTTP/1.1" 500 29 "-" "PostmanRuntime/7.26.1"
::1 - - [26/Jun/2020:18:28:48 +0000] "GET /api/accountactivation/eyJhbGciOiJIUzI1NiIsInR5cCI6IkpXVCJ9.eyJpZCI6MC4zNDM4OTg4MjI0MjMxMDY3NiwiaWF0IjoxNTkzMTg5NjMxLCJleHAiOjE1OTkxODk2MzF9.YA-IlmqRJiBcwjWvmBt0xnLL2pdP4g8eLvZAPWx65Uc?user=Owner HTTP/1.1" 500 29 "-" "PostmanRuntime/7.26.1"
::1 - - [27/Jun/2020:02:48:27 +0000] "GET /api/accountactivation/eyJhbGciOiJIUzI1NiIsInR5cCI6IkpXVCJ9.eyJpZCI6MC4zNDM4OTg4MjI0MjMxMDY3NiwiaWF0IjoxNTkzMTg5NjMxLCJleHAiOjE1OTkxODk2MzF9.YA-IlmqRJiBcwjWvmBt0xnLL2pdP4g8eLvZAPWx65Uc?user=Owner HTTP/1.1" 500 29 "-" "PostmanRuntime/7.26.1"
::1 - - [28/Jun/2020:11:34:18 +0000] "POST /api/user/register HTTP/1.1" 202 143 "-" "PostmanRuntime/7.26.1"
::1 - - [29/Jun/2020:06:48:27 +0000] "POST /api/user/register HTTP/1.1" 202 143 "-" "PostmanRuntime/7.26.1"
::1 - - [29/Jun/2020:06:52:06 +0000] "GET /api/accountactivation/eyJhbGciOiJIUzI1NiIsInR5cCI6IkpXVCJ9.eyJpZCI6MC42ODUzNzIyNTgxNTMwNTA2LCJpYXQiOjE1OTM0MTMzMDcsImV4cCI6MTU5OTQxMzMwN30.O-LByx8SSuwlySrOXl30hmfvxjcGpStWJ5RO0j8ukis?user=Owner HTTP/1.1" 500 29 "-" "Mozilla/5.0 (Windows NT 10.0; Win64; x64; rv:77.0) Gecko/20100101 Firefox/77.0"
::1 - - [29/Jun/2020:06:55:49 +0000] "POST /api/user/register HTTP/1.1" 202 143 "-" "PostmanRuntime/7.26.1"
::1 - - [29/Jun/2020:06:58:22 +0000] "POST /api/user/register HTTP/1.1" 200 27 "-" "PostmanRuntime/7.26.1"
::1 - - [29/Jun/2020:06:59:07 +0000] "POST /api/user/register HTTP/1.1" 202 143 "-" "PostmanRuntime/7.26.1"
::1 - - [29/Jun/2020:06:59:29 +0000] "GET /api/accountactivation/eyJhbGciOiJIUzI1NiIsInR5cCI6IkpXVCJ9.eyJpZCI6MC42OTEyOTc4OTM2NjUzMDI5LCJpYXQiOjE1OTM0MTM3NDgsImV4cCI6MTU5OTQxMzc0OH0.OX-uUeEaSdUFUiEOOqhC-A5YhGgb5SttopmUK-e-yvA?user=Owner HTTP/1.1" 500 29 "-" "Mozilla/5.0 (Windows NT 10.0; Win64; x64; rv:77.0) Gecko/20100101 Firefox/77.0"
::1 - - [29/Jun/2020:07:02:35 +0000] "POST /api/user/register HTTP/1.1" 202 143 "-" "PostmanRuntime/7.26.1"
::1 - - [29/Jun/2020:07:03:12 +0000] "GET /api/accountactivation/eyJhbGciOiJIUzI1NiIsInR5cCI6IkpXVCJ9.eyJpZCI6MC40MTQ2NTMyMzExNjUzMTUzLCJpYXQiOjE1OTM0MTQxNTUsImV4cCI6MTU5OTQxNDE1NX0.t0wbXik30uMP2Q8KHsTXq7mn2PIT7X9WsMG_wTvCLG4?user=Owner HTTP/1.1" 202 82 "-" "Mozilla/5.0 (Windows NT 10.0; Win64; x64; rv:77.0) Gecko/20100101 Firefox/77.0"
::1 - - [29/Jun/2020:07:13:38 +0000] "POST /api/user/login HTTP/1.1" 202 802 "-" "PostmanRuntime/7.26.1"
::1 - - [29/Jun/2020:07:32:28 +0000] "POST /api/user/login HTTP/1.1" 202 802 "-" "PostmanRuntime/7.26.1"
::1 - - [29/Jun/2020:07:32:32 +0000] "POST /api/user/login HTTP/1.1" 202 802 "-" "PostmanRuntime/7.26.1"
::1 - - [29/Jun/2020:07:59:26 +0000] "POST /api/user/vehicleonrent HTTP/1.1" 500 39 "-" "PostmanRuntime/7.26.1"
::ffff:127.0.0.1 - - [29/Jun/2020:09:29:25 +0000] "POST /api/user/vehicleonrent HTTP/1.1" 500 39 "-" "PostmanRuntime/7.26.1"
::1 - - [29/Jun/2020:10:08:30 +0000] "POST /api/user/vehicleonrent HTTP/1.1" 500 39 "-" "PostmanRuntime/7.26.1"
::1 - - [29/Jun/2020:10:11:18 +0000] "POST /api/user/vehicleonrent? HTTP/1.1" 500 39 "-" "PostmanRuntime/7.26.1"
::1 - - [29/Jun/2020:10:21:49 +0000] "POST /api/user/vehicleonrent? HTTP/1.1" 500 39 "-" "PostmanRuntime/7.26.1"
::1 - - [29/Jun/2020:10:28:05 +0000] "POST /api/user/vehicleonrent? HTTP/1.1" 500 39 "-" "PostmanRuntime/7.26.1"
::ffff:127.0.0.1 - - [29/Jun/2020:10:38:33 +0000] "POST /api/user/vehicleonrent? HTTP/1.1" 500 39 "-" "PostmanRuntime/7.26.1"
::1 - - [29/Jun/2020:10:39:52 +0000] "POST /api/user/vehicleonrent? HTTP/1.1" 500 38 "-" "PostmanRuntime/7.26.1"
::1 - - [29/Jun/2020:10:43:54 +0000] "POST /api/user/vehicleonrent? HTTP/1.1" 500 39 "-" "PostmanRuntime/7.26.1"
::1 - - [29/Jun/2020:10:50:34 +0000] "POST /api/user/vehicleonrent? HTTP/1.1" 500 39 "-" "PostmanRuntime/7.26.1"
::1 - - [29/Jun/2020:10:52:52 +0000] "POST /api/user/vehicleonrent? HTTP/1.1" 500 39 "-" "PostmanRuntime/7.26.1"
::1 - - [29/Jun/2020:11:31:29 +0000] "POST /api/user/vehicleonrent? HTTP/1.1" 500 39 "-" "PostmanRuntime/7.26.1"
::1 - - [29/Jun/2020:11:36:59 +0000] "POST /api/user/vehicleonrent? HTTP/1.1" 500 39 "-" "PostmanRuntime/7.26.1"
::1 - - [29/Jun/2020:11:46:55 +0000] "POST /api/user/vehicleonrent? HTTP/1.1" 500 39 "-" "PostmanRuntime/7.26.1"
::1 - - [29/Jun/2020:11:47:06 +0000] "POST /api/user/vehicleonrent? HTTP/1.1" 500 39 "-" "PostmanRuntime/7.26.1"
::1 - - [29/Jun/2020:11:48:02 +0000] "POST /api/user/vehicleonrent? HTTP/1.1" 500 39 "-" "PostmanRuntime/7.26.1"
::1 - - [29/Jun/2020:12:07:17 +0000] "POST /api/user/vehicleonrent? HTTP/1.1" 500 38 "-" "PostmanRuntime/7.26.1"
::1 - - [29/Jun/2020:12:07:35 +0000] "POST /api/user/vehicleonrent? HTTP/1.1" 500 41 "-" "PostmanRuntime/7.26.1"
::1 - - [29/Jun/2020:12:13:53 +0000] "POST /api/user/vehicleonrent? HTTP/1.1" 500 39 "-" "PostmanRuntime/7.26.1"
::1 - - [29/Jun/2020:12:17:43 +0000] "POST /api/user/vehicleonrent? HTTP/1.1" 500 39 "-" "PostmanRuntime/7.26.1"
::1 - - [29/Jun/2020:12:26:24 +0000] "GET /api/accountactivation/eyJhbGciOiJIUzI1NiIsInR5cCI6IkpXVCJ9.eyJpZCI6MC41MTYyMjMxMDYwMzE5NzQsImlhdCI6MTU5MzM0NDA1NywiZXhwIjoxNTk5MzQ0MDU3fQ.uYFIXqmp4YXPKv2zVf-TqC38RJaFlUrPNat6eTdEOf8?user=Owner HTTP/1.1" 200 91 "-" "PostmanRuntime/7.26.1"
::1 - - [29/Jun/2020:12:29:17 +0000] "POST /api/user/login HTTP/1.1" 400 67 "-" "PostmanRuntime/7.26.1"
::1 - - [29/Jun/2020:12:30:08 +0000] "POST /api/user/login HTTP/1.1" 400 67 "-" "PostmanRuntime/7.26.1"
::1 - - [29/Jun/2020:12:30:38 +0000] "POST /api/user/login HTTP/1.1" 400 67 "-" "PostmanRuntime/7.26.1"
::1 - - [29/Jun/2020:12:34:09 +0000] "GET /api/user/login HTTP/1.1" 404 153 "-" "PostmanRuntime/7.26.1"
::1 - - [29/Jun/2020:12:34:17 +0000] "POST /api/user/login HTTP/1.1" 400 67 "-" "PostmanRuntime/7.26.1"
::1 - - [29/Jun/2020:12:35:09 +0000] "POST /api/user/login HTTP/1.1" 400 67 "-" "PostmanRuntime/7.26.1"
::1 - - [29/Jun/2020:12:40:43 +0000] "POST /api/user/login HTTP/1.1" 400 67 "-" "PostmanRuntime/7.26.1"
::1 - - [29/Jun/2020:12:42:14 +0000] "POST /api/user/login HTTP/1.1" 400 67 "-" "PostmanRuntime/7.26.1"
::1 - - [29/Jun/2020:12:42:28 +0000] "POST /api/user/login HTTP/1.1" 400 67 "-" "PostmanRuntime/7.26.1"
::1 - - [29/Jun/2020:12:42:33 +0000] "POST /api/user/login HTTP/1.1" 400 67 "-" "PostmanRuntime/7.26.1"
::1 - - [29/Jun/2020:12:44:59 +0000] "POST /api/user/login HTTP/1.1" 400 67 "-" "PostmanRuntime/7.26.1"
::1 - - [29/Jun/2020:12:45:56 +0000] "POST /api/user/login HTTP/1.1" 202 802 "-" "PostmanRuntime/7.26.1"
::1 - - [29/Jun/2020:12:47:29 +0000] "POST /api/user/vehicleonrent? HTTP/1.1" 500 39 "-" "PostmanRuntime/7.26.1"
::1 - - [29/Jun/2020:12:50:18 +0000] "POST /api/user/vehicleonrent? HTTP/1.1" 500 39 "-" "PostmanRuntime/7.26.1"
::1 - - [29/Jun/2020:12:53:33 +0000] "POST /api/user/vehicleonrent? HTTP/1.1" 500 39 "-" "PostmanRuntime/7.26.1"
::1 - - [29/Jun/2020:12:53:52 +0000] "POST /api/user/vehicleonrent? HTTP/1.1" 500 39 "-" "PostmanRuntime/7.26.1"
::1 - - [29/Jun/2020:12:55:56 +0000] "POST /api/user/vehicleonrent? HTTP/1.1" 500 39 "-" "PostmanRuntime/7.26.1"
::1 - - [29/Jun/2020:12:57:45 +0000] "POST /api/user/vehicleonrent? HTTP/1.1" 500 39 "-" "PostmanRuntime/7.26.1"
::1 - - [29/Jun/2020:12:58:00 +0000] "POST /api/user/vehicleonrent HTTP/1.1" 500 39 "-" "PostmanRuntime/7.26.1"
::1 - - [29/Jun/2020:13:02:25 +0000] "POST /api/user/vehicleonrent HTTP/1.1" 500 39 "-" "PostmanRuntime/7.26.1"
::1 - - [29/Jun/2020:13:03:30 +0000] "POST /api/user/vehicleonrent HTTP/1.1" 500 39 "-" "PostmanRuntime/7.26.1"
::1 - - [29/Jun/2020:13:08:03 +0000] "POST /api/user/vehicleonrent HTTP/1.1" 500 39 "-" "PostmanRuntime/7.26.1"
::1 - - [29/Jun/2020:13:08:32 +0000] "POST /api/user/vehicleonrent HTTP/1.1" 500 21 "-" "PostmanRuntime/7.26.1"
::1 - - [29/Jun/2020:13:09:25 +0000] "POST /api/user/vehicleonrent HTTP/1.1" 500 21 "-" "PostmanRuntime/7.26.1"
::1 - - [29/Jun/2020:13:10:26 +0000] "POST /api/user/vehicleonrent HTTP/1.1" 500 21 "-" "PostmanRuntime/7.26.1"
::1 - - [29/Jun/2020:13:11:43 +0000] "POST /api/user/vehicleonrent HTTP/1.1" 500 21 "-" "PostmanRuntime/7.26.1"
::1 - - [29/Jun/2020:13:14:34 +0000] "POST /api/user/vehicleonrent HTTP/1.1" 500 21 "-" "PostmanRuntime/7.26.1"
::ffff:127.0.0.1 - - [29/Jun/2020:13:14:58 +0000] "POST /api/user/vehicleonrent HTTP/1.1" 500 21 "-" "PostmanRuntime/7.26.1"
::1 - - [29/Jun/2020:13:16:33 +0000] "POST /api/user/vehicleonrent HTTP/1.1" 500 21 "-" "PostmanRuntime/7.26.1"
::1 - - [29/Jun/2020:13:17:28 +0000] "POST /api/user/vehicleonrent HTTP/1.1" 500 21 "-" "PostmanRuntime/7.26.1"
::1 - - [29/Jun/2020:16:35:45 +0000] "POST /api/user/vehicleonrent HTTP/1.1" 500 21 "-" "PostmanRuntime/7.26.1"
::1 - - [29/Jun/2020:16:55:10 +0000] "POST /api/user/register HTTP/1.1" 202 143 "-" "PostmanRuntime/7.26.1"
::1 - - [29/Jun/2020:16:57:56 +0000] "GET /api/accountactivation/eyJhbGciOiJIUzI1NiIsInR5cCI6IkpXVCJ9.eyJpZCI6MC4wNjgwNjY3MTAzMjY5Nzg1MywiaWF0IjoxNTkzNDQ5NzA5LCJleHAiOjE1OTk0NDk3MDl9.b1GPrUiKaZObrzuZNqlASWLu_47tFOzaYNvqodoWlog?user=Owner HTTP/1.1" 500 29 "-" "Mozilla/5.0 (Windows NT 10.0; Win64; x64; rv:77.0) Gecko/20100101 Firefox/77.0"
::1 - - [29/Jun/2020:17:04:52 +0000] "POST /api/user/register HTTP/1.1" 202 143 "-" "PostmanRuntime/7.26.1"
::1 - - [29/Jun/2020:17:05:34 +0000] "GET /api/accountactivation/eyJhbGciOiJIUzI1NiIsInR5cCI6IkpXVCJ9.eyJpZCI6MC4zNTc5MzcyNzQwNzcwMDk1LCJpYXQiOjE1OTM0NTAyOTIsImV4cCI6MTU5OTQ1MDI5Mn0.qA_0DliqEoEtXDHMs37Yd6t5FeSawe_IEZNVBGpVXqM HTTP/1.1" 500 25 "-" "PostmanRuntime/7.26.1"
::1 - - [29/Jun/2020:17:06:02 +0000] "GET /api/accountactivation/eyJhbGciOiJIUzI1NiIsInR5cCI6IkpXVCJ9.eyJpZCI6MC4zNTc5MzcyNzQwNzcwMDk1LCJpYXQiOjE1OTM0NTAyOTIsImV4cCI6MTU5OTQ1MDI5Mn0.qA_0DliqEoEtXDHMs37Yd6t5FeSawe_IEZNVBGpVXqM?user=Owner HTTP/1.1" 500 29 "-" "Mozilla/5.0 (Windows NT 10.0; Win64; x64; rv:77.0) Gecko/20100101 Firefox/77.0"
::1 - - [29/Jun/2020:17:09:01 +0000] "GET /api/accountactivation/eyJhbGciOiJIUzI1NiIsInR5cCI6IkpXVCJ9.eyJpZCI6MC4zNTc5MzcyNzQwNzcwMDk1LCJpYXQiOjE1OTM0NTAyOTIsImV4cCI6MTU5OTQ1MDI5Mn0.qA_0DliqEoEtXDHMs37Yd6t5FeSawe_IEZNVBGpVXqM?user=Owner HTTP/1.1" 500 29 "-" "Mozilla/5.0 (Windows NT 10.0; Win64; x64; rv:77.0) Gecko/20100101 Firefox/77.0"
::1 - - [29/Jun/2020:17:10:41 +0000] "GET /api/accountactivation/eyJhbGciOiJIUzI1NiIsInR5cCI6IkpXVCJ9.eyJpZCI6MC4zNTc5MzcyNzQwNzcwMDk1LCJpYXQiOjE1OTM0NTAyOTIsImV4cCI6MTU5OTQ1MDI5Mn0.qA_0DliqEoEtXDHMs37Yd6t5FeSawe_IEZNVBGpVXqM?user=Owner HTTP/1.1" 500 29 "-" "Mozilla/5.0 (Windows NT 10.0; Win64; x64; rv:77.0) Gecko/20100101 Firefox/77.0"
::1 - - [29/Jun/2020:17:12:20 +0000] "POST /api/user/register HTTP/1.1" 202 143 "-" "PostmanRuntime/7.26.1"
::1 - - [29/Jun/2020:17:12:54 +0000] "GET /api/accountactivation/eyJhbGciOiJIUzI1NiIsInR5cCI6IkpXVCJ9.eyJpZCI6MC41ODg2OTI2NDcyMDczOTE5LCJpYXQiOjE1OTM0NTA3NDAsImV4cCI6MTU5OTQ1MDc0MH0.ehvl7u6sEB8Q6ZFtTi71JU7JYiY1tJIknwU2rlhkgvg?user=Owner HTTP/1.1" 202 82 "-" "Mozilla/5.0 (Windows NT 10.0; Win64; x64; rv:77.0) Gecko/20100101 Firefox/77.0"
::1 - - [29/Jun/2020:17:14:20 +0000] "POST /api/user/login HTTP/1.1" 202 797 "-" "PostmanRuntime/7.26.1"
::1 - - [29/Jun/2020:17:23:31 +0000] "POST /api/user/vehicleonrent HTTP/1.1" 500 21 "-" "PostmanRuntime/7.26.1"
::1 - - [30/Jun/2020:00:11:08 +0000] "POST /api/user/vehicleonrent HTTP/1.1" 500 21 "-" "PostmanRuntime/7.26.1"
::1 - - [30/Jun/2020:03:37:03 +0000] "POST /api/user/register HTTP/1.1" 202 143 "-" "PostmanRuntime/7.26.1"
::1 - - [30/Jun/2020:03:39:16 +0000] "GET /api/accountactivation/eyJhbGciOiJIUzI1NiIsInR5cCI6IkpXVCJ9.eyJpZCI6MC41ODg2OTI2NDcyMDczOTE5LCJpYXQiOjE1OTM0NTA3NDAsImV4cCI6MTU5OTQ1MDc0MH0.ehvl7u6sEB8Q6ZFtTi71JU7JYiY1tJIknwU2rlhkgvg?user=Owner HTTP/1.1" 200 91 "-" "Mozilla/5.0 (Windows NT 10.0; Win64; x64; rv:77.0) Gecko/20100101 Firefox/77.0"
::1 - - [30/Jun/2020:03:40:42 +0000] "POST /api/user/login HTTP/1.1" 401 116 "-" "PostmanRuntime/7.26.1"
::1 - - [30/Jun/2020:03:58:57 +0000] "GET /api/accountactivation/eyJhbGciOiJIUzI1NiIsInR5cCI6IkpXVCJ9.eyJpZCI6MC4wNzMxMjg0MTcxNDMzMjA0MSwiaWF0IjoxNTkzNDg4MjIyLCJleHAiOjE1OTk0ODgyMjJ9.AhGV-JlvW1kXtUPbPSztKNNoXWpPINGzWGEhMA6U5A4?user=Owner HTTP/1.1" 500 29 "-" "Mozilla/5.0 (Windows NT 10.0; Win64; x64; rv:77.0) Gecko/20100101 Firefox/77.0"
::1 - - [30/Jun/2020:05:49:06 +0000] "POST /api/user/register HTTP/1.1" 202 143 "-" "PostmanRuntime/7.26.1"
::1 - - [30/Jun/2020:06:01:03 +0000] "GET /api/accountactivation/eyJhbGciOiJIUzI1NiIsInR5cCI6IkpXVCJ9.eyJpZCI6MC4xNjM5ODExNjQyNDI5MzcxOCwiaWF0IjoxNTkzNDk2MTQ1LCJleHAiOjE1OTk0OTYxNDV9.1UCUUYXjqw48mwmhVkwGlV9ViGc5hcEdQWq71UPySnA?user=Owner HTTP/1.1" 202 82 "-" "Mozilla/5.0 (Windows NT 10.0; Win64; x64; rv:77.0) Gecko/20100101 Firefox/77.0"
::1 - - [30/Jun/2020:06:02:15 +0000] "POST /api/user/login HTTP/1.1" 202 797 "-" "PostmanRuntime/7.26.1"
::1 - - [30/Jun/2020:06:16:06 +0000] "POST /api/user/vehicleonrent HTTP/1.1" 500 21 "-" "PostmanRuntime/7.26.1"
::1 - - [30/Jun/2020:06:18:27 +0000] "POST /api/user/vehicleonrent HTTP/1.1" 500 21 "-" "PostmanRuntime/7.26.1"
::1 - - [30/Jun/2020:06:24:09 +0000] "POST /api/user/vehicleonrent HTTP/1.1" 401 12 "-" "PostmanRuntime/7.26.1"
::1 - - [30/Jun/2020:06:25:09 +0000] "POST /api/user/vehicleonrent HTTP/1.1" 401 12 "-" "PostmanRuntime/7.26.1"
::1 - - [30/Jun/2020:06:26:00 +0000] "POST /api/user/vehicleonrent HTTP/1.1" 500 21 "-" "PostmanRuntime/7.26.1"
::1 - - [30/Jun/2020:06:29:27 +0000] "POST /api/user/vehicleonrent HTTP/1.1" 500 21 "-" "PostmanRuntime/7.26.1"
::1 - - [30/Jun/2020:06:33:00 +0000] "POST /api/user/vehicleonrent HTTP/1.1" 500 21 "-" "PostmanRuntime/7.26.1"
::1 - - [30/Jun/2020:06:33:00 +0000] "POST /api/user/vehicleonrent HTTP/1.1" 500 21 "-" "PostmanRuntime/7.26.1"
::1 - - [30/Jun/2020:06:52:32 +0000] "POST /api/user/vehicleonrent HTTP/1.1" 500 21 "-" "PostmanRuntime/7.26.1"
::1 - - [30/Jun/2020:06:54:15 +0000] "POST /api/user/vehicleonrent HTTP/1.1" 401 12 "-" "PostmanRuntime/7.26.1"
::1 - - [30/Jun/2020:06:55:32 +0000] "POST /api/user/vehicleonrent HTTP/1.1" 401 12 "-" "PostmanRuntime/7.26.1"
::1 - - [30/Jun/2020:06:56:39 +0000] "POST /api/user/vehicleonrent HTTP/1.1" 401 12 "-" "PostmanRuntime/7.26.1"
::1 - - [30/Jun/2020:06:57:03 +0000] "POST /api/user/vehicleonrent HTTP/1.1" 401 12 "-" "PostmanRuntime/7.26.1"
::1 - - [30/Jun/2020:06:57:54 +0000] "POST /api/user/vehicleonrent HTTP/1.1" 500 21 "-" "PostmanRuntime/7.26.1"
::1 - - [30/Jun/2020:06:58:25 +0000] "POST /api/user/vehicleonrent HTTP/1.1" 401 12 "-" "PostmanRuntime/7.26.1"
::1 - - [30/Jun/2020:06:58:49 +0000] "POST /api/user/vehicleonrent HTTP/1.1" 500 21 "-" "PostmanRuntime/7.26.1"
::1 - - [30/Jun/2020:07:00:12 +0000] "POST /api/user/vehicleonrent HTTP/1.1" 401 12 "-" "PostmanRuntime/7.26.1"
::1 - - [30/Jun/2020:07:01:08 +0000] "POST /api/user/vehicleonrent HTTP/1.1" 401 12 "-" "PostmanRuntime/7.26.1"
::1 - - [30/Jun/2020:07:06:40 +0000] "POST /api/user/vehicleonrent HTTP/1.1" 401 12 "-" "PostmanRuntime/7.26.1"
::1 - - [30/Jun/2020:07:08:16 +0000] "POST /api/user/vehicleonrent HTTP/1.1" 500 21 "-" "PostmanRuntime/7.26.1"
::1 - - [30/Jun/2020:07:25:23 +0000] "POST /api/user/vehicleonrent HTTP/1.1" 401 12 "-" "PostmanRuntime/7.26.1"
::1 - - [30/Jun/2020:07:26:41 +0000] "POST /api/user/vehicleonrent HTTP/1.1" 500 21 "-" "PostmanRuntime/7.26.1"
::1 - - [30/Jun/2020:07:28:02 +0000] "POST /api/user/vehicleonrent HTTP/1.1" 401 12 "-" "PostmanRuntime/7.26.1"
::1 - - [30/Jun/2020:07:28:19 +0000] "POST /api/user/vehicleonrent HTTP/1.1" 401 12 "-" "PostmanRuntime/7.26.1"
::1 - - [30/Jun/2020:07:28:51 +0000] "POST /api/user/vehicleonrent HTTP/1.1" 500 21 "-" "PostmanRuntime/7.26.1"
::1 - - [30/Jun/2020:07:29:58 +0000] "POST /api/user/vehicleonrent HTTP/1.1" 500 21 "-" "PostmanRuntime/7.26.1"
::1 - - [30/Jun/2020:07:30:55 +0000] "POST /api/user/register HTTP/1.1" 202 146 "-" "PostmanRuntime/7.26.1"
::1 - - [30/Jun/2020:07:31:18 +0000] "GET /api/accountactivation/eyJhbGciOiJIUzI1NiIsInR5cCI6IkpXVCJ9.eyJpZCI6MC43NzUyMjY3NDcyMDAwMjk4LCJpYXQiOjE1OTM1MDIyNTUsImV4cCI6MTU5OTUwMjI1NX0.guQwqa8ZABZJqU_16Fuc8aJIdXAlVVV3gnRYCJHfCUA?user=Customer HTTP/1.1" 202 82 "-" "Mozilla/5.0 (Windows NT 10.0; Win64; x64; rv:77.0) Gecko/20100101 Firefox/77.0"
::1 - - [30/Jun/2020:07:33:05 +0000] "POST /api/user/login HTTP/1.1" 202 800 "-" "PostmanRuntime/7.26.1"
::1 - - [30/Jun/2020:07:37:03 +0000] "PATCH /api/customer/editpassword HTTP/1.1" 403 9 "-" "PostmanRuntime/7.26.1"
::1 - - [30/Jun/2020:07:37:41 +0000] "PATCH /api/customer/editpassword HTTP/1.1" 403 9 "-" "PostmanRuntime/7.26.1"
::1 - - [01/Jul/2020:08:19:58 +0000] "POST /api/user/register HTTP/1.1" 422 71 "-" "PostmanRuntime/7.26.1"
::1 - - [01/Jul/2020:08:20:10 +0000] "POST /api/user/register HTTP/1.1" 400 50 "-" "PostmanRuntime/7.26.1"
::1 - - [01/Jul/2020:08:22:17 +0000] "POST /api/user/register HTTP/1.1" 400 50 "-" "PostmanRuntime/7.26.1"
::1 - - [01/Jul/2020:08:23:38 +0000] "POST /api/user/register HTTP/1.1" 400 50 "-" "PostmanRuntime/7.26.1"
::1 - - [01/Jul/2020:08:24:19 +0000] "POST /api/user/register HTTP/1.1" 400 47 "-" "PostmanRuntime/7.26.1"
::1 - - [01/Jul/2020:08:24:42 +0000] "POST /api/user/register HTTP/1.1" 400 31 "-" "PostmanRuntime/7.26.1"
::1 - - [01/Jul/2020:08:26:13 +0000] "POST /api/user/register HTTP/1.1" 202 143 "-" "PostmanRuntime/7.26.1"
::1 - - [01/Jul/2020:08:28:02 +0000] "GET /api/accountactivation/eyJhbGciOiJIUzI1NiIsInR5cCI6IkpXVCJ9.eyJpZCI6MC44OTMzMjU2MTczNDYwMjQ5LCJpYXQiOjE1OTM1OTE5NzMsImV4cCI6MTU5OTU5MTk3M30.e51oiPnTIhCXs5semNtRnxvGH4n8NOmk_evPrERpBK0?user=Owner HTTP/1.1" 202 82 "-" "Mozilla/5.0 (Windows NT 10.0; Win64; x64) AppleWebKit/537.36 (KHTML, like Gecko) Chrome/83.0.4103.116 Safari/537.36"
::1 - - [01/Jul/2020:08:28:03 +0000] "GET /favicon.ico HTTP/1.1" 404 150 "http://localhost:5656/api/accountactivation/eyJhbGciOiJIUzI1NiIsInR5cCI6IkpXVCJ9.eyJpZCI6MC44OTMzMjU2MTczNDYwMjQ5LCJpYXQiOjE1OTM1OTE5NzMsImV4cCI6MTU5OTU5MTk3M30.e51oiPnTIhCXs5semNtRnxvGH4n8NOmk_evPrERpBK0?user=Owner" "Mozilla/5.0 (Windows NT 10.0; Win64; x64) AppleWebKit/537.36 (KHTML, like Gecko) Chrome/83.0.4103.116 Safari/537.36"
::1 - - [01/Jul/2020:08:29:45 +0000] "GET /api/user/login HTTP/1.1" 404 153 "-" "PostmanRuntime/7.26.1"
::1 - - [01/Jul/2020:08:29:49 +0000] "POST /api/user/login HTTP/1.1" 400 67 "-" "PostmanRuntime/7.26.1"
::1 - - [01/Jul/2020:08:30:10 +0000] "POST /api/user/login HTTP/1.1" 202 804 "-" "PostmanRuntime/7.26.1"
::1 - - [01/Jul/2020:08:33:34 +0000] "GET /api/user/vehicleonrent HTTP/1.1" 404 161 "-" "PostmanRuntime/7.26.1"
::1 - - [01/Jul/2020:08:33:39 +0000] "POST /api/user/vehicleonrent HTTP/1.1" 500 39 "-" "PostmanRuntime/7.26.1"
::1 - - [01/Jul/2020:08:36:52 +0000] "POST /api/user/vehicleonrent HTTP/1.1" 500 53 "-" "PostmanRuntime/7.26.1"
::1 - - [01/Jul/2020:08:38:13 +0000] "POST /api/user/vehicleonrent HTTP/1.1" 500 26 "-" "PostmanRuntime/7.26.1"
::1 - - [01/Jul/2020:08:39:23 +0000] "POST /api/user/vehicleonrent HTTP/1.1" 500 62 "-" "PostmanRuntime/7.26.1"
::1 - - [01/Jul/2020:08:40:57 +0000] "POST /api/user/register HTTP/1.1" 202 143 "-" "PostmanRuntime/7.26.1"
::1 - - [01/Jul/2020:08:41:01 +0000] "POST /api/user/login HTTP/1.1" 401 116 "-" "PostmanRuntime/7.26.1"
::1 - - [01/Jul/2020:08:41:21 +0000] "GET /api/accountactivation/eyJhbGciOiJIUzI1NiIsInR5cCI6IkpXVCJ9.eyJpZCI6MC4wMjk1ODEwNTQ0NzIxNTU3NTQsImlhdCI6MTU5MzU5Mjg1NiwiZXhwIjoxNTk5NTkyODU2fQ.sRweFxeN7ZHOuo4yCUWwTNglMxMrTaJeLRgY2zvb2QA?user=Owner HTTP/1.1" 202 82 "-" "Mozilla/5.0 (Windows NT 10.0; Win64; x64) AppleWebKit/537.36 (KHTML, like Gecko) Chrome/83.0.4103.116 Safari/537.36"
::1 - - [01/Jul/2020:08:41:41 +0000] "POST /api/user/login HTTP/1.1" 202 804 "-" "PostmanRuntime/7.26.1"
::1 - - [01/Jul/2020:08:41:54 +0000] "POST /api/user/vehicleonrent HTTP/1.1" 403 9 "-" "PostmanRuntime/7.26.1"
::1 - - [01/Jul/2020:08:50:36 +0000] "POST /api/user/vehicleonrent HTTP/1.1" 500 26 "-" "PostmanRuntime/7.26.1"
::1 - - [01/Jul/2020:08:51:52 +0000] "POST /api/user/vehicleonrent HTTP/1.1" 202 43 "-" "PostmanRuntime/7.26.1"
::1 - - [01/Jul/2020:08:53:12 +0000] "POST /api/user/vehicleonrent HTTP/1.1" 202 43 "-" "PostmanRuntime/7.26.1"
::1 - - [01/Jul/2020:08:57:21 +0000] "POST /api/user/vehicleonrent HTTP/1.1" 202 43 "-" "PostmanRuntime/7.26.1"
::1 - - [01/Jul/2020:09:01:19 +0000] "POST /api/user/forgotPassword HTTP/1.1" 200 39 "-" "PostmanRuntime/7.26.1"
::1 - - [01/Jul/2020:09:01:34 +0000] "POST /api/user/forgotPassword HTTP/1.1" 200 39 "-" "PostmanRuntime/7.26.1"
::1 - - [01/Jul/2020:09:01:48 +0000] "POST /api/user/forgotPassword HTTP/1.1" 200 39 "-" "PostmanRuntime/7.26.1"
::1 - - [01/Jul/2020:09:02:00 +0000] "POST /api/user/forgotPassword HTTP/1.1" 500 41 "-" "PostmanRuntime/7.26.1"
::1 - - [01/Jul/2020:09:03:34 +0000] "POST /api/user/forgotPassword HTTP/1.1" 500 41 "-" "PostmanRuntime/7.26.1"
::1 - - [01/Jul/2020:09:04:46 +0000] "POST /api/user/forgotPassword HTTP/1.1" 500 35 "-" "PostmanRuntime/7.26.1"
::1 - - [01/Jul/2020:09:06:01 +0000] "POST /api/user/forgotPassword HTTP/1.1" 202 94 "-" "PostmanRuntime/7.26.1"
::1 - - [01/Jul/2020:09:07:00 +0000] "POST /api/user/login HTTP/1.1" 202 804 "-" "PostmanRuntime/7.26.1"
::1 - - [02/Jul/2020:02:57:00 +0000] "POST /api/user/login HTTP/1.1" 400 47 "-" "PostmanRuntime/7.26.1"
::1 - - [02/Jul/2020:02:57:10 +0000] "POST /api/user/register HTTP/1.1" 202 143 "-" "PostmanRuntime/7.26.1"
::1 - - [02/Jul/2020:02:57:24 +0000] "GET /api/accountactivation/eyJhbGciOiJIUzI1NiIsInR5cCI6IkpXVCJ9.eyJpZCI6MC44NjExNDgyMjA2NzU5NDQyLCJpYXQiOjE1OTM2NTg2MzAsImV4cCI6MTU5OTY1ODYzMH0.KySOodMuxDThK9f-fbvZL3vukS_mcSltqbg3IUQxVaI?user=Owner HTTP/1.1" 202 82 "-" "Mozilla/5.0 (Windows NT 10.0; Win64; x64) AppleWebKit/537.36 (KHTML, like Gecko) Chrome/83.0.4103.116 Safari/537.36"
::1 - - [02/Jul/2020:02:57:24 +0000] "GET /favicon.ico HTTP/1.1" 404 150 "http://localhost:5656/api/accountactivation/eyJhbGciOiJIUzI1NiIsInR5cCI6IkpXVCJ9.eyJpZCI6MC44NjExNDgyMjA2NzU5NDQyLCJpYXQiOjE1OTM2NTg2MzAsImV4cCI6MTU5OTY1ODYzMH0.KySOodMuxDThK9f-fbvZL3vukS_mcSltqbg3IUQxVaI?user=Owner" "Mozilla/5.0 (Windows NT 10.0; Win64; x64) AppleWebKit/537.36 (KHTML, like Gecko) Chrome/83.0.4103.116 Safari/537.36"
::1 - - [02/Jul/2020:02:57:45 +0000] "POST /api/user/login HTTP/1.1" 202 804 "-" "PostmanRuntime/7.26.1"
::1 - - [02/Jul/2020:03:16:12 +0000] "PATCH /api/owner/uploadprofilepicture HTTP/1.1" 401 12 "-" "PostmanRuntime/7.26.1"
::1 - - [02/Jul/2020:03:17:21 +0000] "POST /api/user/login HTTP/1.1" 202 804 "-" "PostmanRuntime/7.26.1"
::1 - - [02/Jul/2020:03:17:32 +0000] "PATCH /api/owner/uploadprofilepicture HTTP/1.1" 500 - "-" "PostmanRuntime/7.26.1"
::1 - - [02/Jul/2020:03:19:32 +0000] "PATCH /api/owner/uploadprofilepicture HTTP/1.1" 500 - "-" "PostmanRuntime/7.26.1"
::1 - - [02/Jul/2020:03:23:48 +0000] "PATCH /api/owner/uploadprofilepicture HTTP/1.1" 500 - "-" "PostmanRuntime/7.26.1"
::1 - - [02/Jul/2020:03:25:20 +0000] "PATCH /api/owner/uploadprofilepicture HTTP/1.1" 500 76 "-" "PostmanRuntime/7.26.1"
::1 - - [02/Jul/2020:03:26:24 +0000] "PATCH /api/owner/uploadprofilepicture HTTP/1.1" 500 76 "-" "PostmanRuntime/7.26.1"
::1 - - [02/Jul/2020:03:27:52 +0000] "PATCH /api/owner/uploadprofilepicture HTTP/1.1" 500 76 "-" "PostmanRuntime/7.26.1"
::1 - - [02/Jul/2020:03:28:29 +0000] "PATCH /api/owner/uploadprofilepicture HTTP/1.1" 500 76 "-" "PostmanRuntime/7.26.1"
::1 - - [02/Jul/2020:06:18:38 +0000] "POST /api/user/login HTTP/1.1" 202 804 "-" "PostmanRuntime/7.26.1"
::1 - - [02/Jul/2020:06:18:54 +0000] "PATCH /api/owner/uploadprofilepicture HTTP/1.1" 500 76 "-" "PostmanRuntime/7.26.1"
::1 - - [02/Jul/2020:06:21:24 +0000] "PATCH /api/owner/uploadprofilepicture HTTP/1.1" 500 76 "-" "PostmanRuntime/7.26.1"
::1 - - [02/Jul/2020:06:22:12 +0000] "PATCH /api/owner/uploadprofilepicture HTTP/1.1" 500 76 "-" "PostmanRuntime/7.26.1"
::1 - - [02/Jul/2020:06:23:25 +0000] "PATCH /api/owner/uploadprofilepicture HTTP/1.1" 500 64 "-" "PostmanRuntime/7.26.1"
::1 - - [02/Jul/2020:06:24:01 +0000] "PATCH /api/owner/uploadprofilepicture HTTP/1.1" 500 65 "-" "PostmanRuntime/7.26.1"
::1 - - [02/Jul/2020:06:24:39 +0000] "PATCH /api/owner/uploadprofilepicture HTTP/1.1" 500 65 "-" "PostmanRuntime/7.26.1"
::1 - - [02/Jul/2020:06:25:02 +0000] "PATCH /api/owner/uploadprofilepicture HTTP/1.1" 500 31 "-" "PostmanRuntime/7.26.1"
::1 - - [02/Jul/2020:06:25:36 +0000] "PATCH /api/owner/uploadprofilepicture HTTP/1.1" 500 51 "-" "PostmanRuntime/7.26.1"
::1 - - [02/Jul/2020:06:26:24 +0000] "PATCH /api/owner/uploadprofilepicture HTTP/1.1" 500 65 "-" "PostmanRuntime/7.26.1"
::1 - - [02/Jul/2020:06:26:54 +0000] "PATCH /api/owner/uploadprofilepicture HTTP/1.1" 500 65 "-" "PostmanRuntime/7.26.1"
::1 - - [02/Jul/2020:06:27:40 +0000] "PATCH /api/owner/uploadprofilepicture HTTP/1.1" 500 65 "-" "PostmanRuntime/7.26.1"
::1 - - [02/Jul/2020:06:31:31 +0000] "PATCH /api/owner/uploadprofilepicture HTTP/1.1" 500 65 "-" "PostmanRuntime/7.26.1"
::1 - - [02/Jul/2020:06:35:47 +0000] "PATCH /api/owner/uploadprofilepicture HTTP/1.1" 500 65 "-" "PostmanRuntime/7.26.1"
::1 - - [02/Jul/2020:06:39:33 +0000] "PATCH /api/owner/uploadprofilepicture HTTP/1.1" 500 35 "-" "PostmanRuntime/7.26.1"
::1 - - [02/Jul/2020:06:40:08 +0000] "PATCH /api/owner/uploadprofilepicture HTTP/1.1" 202 174 "-" "PostmanRuntime/7.26.1"
